<?xml version="1.0" encoding="UTF-8"?>
<testng-results skipped="0" failed="0" ignored="0" total="1" passed="1">
  <reporter-output>
  </reporter-output>
  <suite name="com.practice.test.HelloTest" duration-ms="93" started-at="2025-01-24T00:32:26 IST" finished-at="2025-01-24T00:32:27 IST">
    <groups>
    </groups>
    <test name="Command line test" duration-ms="93" started-at="2025-01-24T00:32:26 IST" finished-at="2025-01-24T00:32:27 IST">
      <class name="com.practice.test.HelloTest">
        <test-method status="PASS" signature="m1()[pri:0, instance:com.practice.test.HelloTest@42d80b78]" name="m1" duration-ms="6" started-at="2025-01-24T00:32:27 IST" finished-at="2025-01-24T00:32:27 IST">
          <reporter-output>
          </reporter-output>
        </test-method> <!-- m1 -->
      </class> <!-- com.practice.test.HelloTest -->
    </test> <!-- Command line test -->
  </suite> <!-- com.practice.test.HelloTest -->
</testng-results>
